<?xml version="1.0" encoding="UTF-8"?>
<!-- Generated by org.testng.reporters.JUnitReportReporter -->
<testsuite hostname="DESKTOP-GDFIP89" name="qsp.Demo" tests="1" failures="0" timestamp="30 Dec 2019 11:43:58 GMT" time="14.775" errors="0">
  <testcase name="test1" time="14.775" classname="qsp.Demo"/>
</testsuite> <!-- qsp.Demo -->
